[2024-12-09T05:16:59.983+0000] {local_task_job_runner.py:123} INFO - ::group::Pre task execution logs
[2024-12-09T05:16:59.998+0000] {taskinstance.py:2613} INFO - Dependencies all met for dep_context=non-requeueable deps ti=<TaskInstance: data_pipeline_dag.task_ingest_messages_data manual__2024-12-09T05:16:55.618725+00:00 [queued]>
[2024-12-09T05:17:00.005+0000] {taskinstance.py:2613} INFO - Dependencies all met for dep_context=requeueable deps ti=<TaskInstance: data_pipeline_dag.task_ingest_messages_data manual__2024-12-09T05:16:55.618725+00:00 [queued]>
[2024-12-09T05:17:00.006+0000] {taskinstance.py:2866} INFO - Starting attempt 1 of 1
[2024-12-09T05:17:00.023+0000] {taskinstance.py:2889} INFO - Executing <Task(PythonOperator): task_ingest_messages_data> on 2024-12-09 05:16:55.618725+00:00
[2024-12-09T05:17:00.030+0000] {warnings.py:112} WARNING - /home/***/.local/lib/python3.12/site-packages/***/task/task_runner/standard_task_runner.py:70: DeprecationWarning: This process (pid=76) is multi-threaded, use of fork() may lead to deadlocks in the child.
  pid = os.fork()

[2024-12-09T05:17:00.032+0000] {standard_task_runner.py:72} INFO - Started process 78 to run task
[2024-12-09T05:17:00.032+0000] {standard_task_runner.py:104} INFO - Running: ['***', 'tasks', 'run', 'data_pipeline_dag', 'task_ingest_messages_data', 'manual__2024-12-09T05:16:55.618725+00:00', '--job-id', '58', '--raw', '--subdir', 'DAGS_FOLDER/e2e_pipeline.py', '--cfg-path', '/tmp/tmp2njx54nw']
[2024-12-09T05:17:00.035+0000] {standard_task_runner.py:105} INFO - Job 58: Subtask task_ingest_messages_data
[2024-12-09T05:17:00.091+0000] {task_command.py:467} INFO - Running <TaskInstance: data_pipeline_dag.task_ingest_messages_data manual__2024-12-09T05:16:55.618725+00:00 [running]> on host d1b18052a0fe
[2024-12-09T05:17:00.174+0000] {taskinstance.py:3132} INFO - Exporting env vars: AIRFLOW_CTX_DAG_OWNER='***' AIRFLOW_CTX_DAG_ID='data_pipeline_dag' AIRFLOW_CTX_TASK_ID='task_ingest_messages_data' AIRFLOW_CTX_EXECUTION_DATE='2024-12-09T05:16:55.618725+00:00' AIRFLOW_CTX_TRY_NUMBER='1' AIRFLOW_CTX_DAG_RUN_ID='manual__2024-12-09T05:16:55.618725+00:00'
[2024-12-09T05:17:00.176+0000] {taskinstance.py:731} INFO - ::endgroup::
[2024-12-09T05:17:00.203+0000] {execute.py:83} INFO - Input Notebook:  /opt/***/dataset/cleanup_messages.ipynb
[2024-12-09T05:17:00.204+0000] {execute.py:84} INFO - Output Notebook: /opt/***/dataset/output_cleanup_messages.ipynb
[2024-12-09T05:17:00.254+0000] {execute.py:97} WARNING - Passed unknown parameter: file_path
[2024-12-09T05:17:00.255+0000] {execute.py:97} WARNING - Passed unknown parameter: sheet_name
[2024-12-09T05:17:00.263+0000] {parameterize.py:114} WARNING - Input notebook does not contain a cell with tag 'parameters'
[2024-12-09T05:17:00.275+0000] {logging_mixin.py:190} WARNING - Executing:   0%|          | 0/6 [00:00<?, ?cell/s]
[2024-12-09T05:17:01.898+0000] {clientwrap.py:44} INFO - Executing notebook with kernel: python3
[2024-12-09T05:17:01.918+0000] {logging_mixin.py:190} WARNING - Executing:  17%|#6        | 1/6 [00:01<00:08,  1.64s/cell]
[2024-12-09T05:17:05.088+0000] {logging_mixin.py:190} WARNING - Executing:  33%|###3      | 2/6 [00:04<00:10,  2.54s/cell]
[2024-12-09T05:17:05.421+0000] {logging_mixin.py:190} WARNING - Executing:  50%|#####     | 3/6 [00:05<00:04,  1.53s/cell]
[2024-12-09T05:17:12.514+0000] {logging_mixin.py:190} WARNING - Executing:  83%|########3 | 5/6 [00:12<00:02,  2.67s/cell]
[2024-12-09T05:17:13.209+0000] {logging_mixin.py:190} WARNING - Executing: 100%|##########| 6/6 [00:12<00:00,  2.10s/cell]
[2024-12-09T05:17:13.530+0000] {logging_mixin.py:190} WARNING - Executing: 100%|##########| 6/6 [00:13<00:00,  2.21s/cell]
[2024-12-09T05:17:13.933+0000] {base.py:84} INFO - Retrieving connection 'external_postgres'
[2024-12-09T05:17:14.706+0000] {taskinstance.py:3311} ERROR - Task failed with exception
Traceback (most recent call last):
  File "/home/airflow/.local/lib/python3.12/site-packages/sqlalchemy/engine/base.py", line 1890, in _execute_context
    self.dialect.do_executemany(
  File "/home/airflow/.local/lib/python3.12/site-packages/sqlalchemy/dialects/postgresql/psycopg2.py", line 982, in do_executemany
    context._psycopg2_fetched_rows = xtras.execute_values(
                                     ^^^^^^^^^^^^^^^^^^^^^
  File "/home/airflow/.local/lib/python3.12/site-packages/psycopg2/extras.py", line 1299, in execute_values
    cur.execute(b''.join(parts))
psycopg2.errors.UniqueViolation: duplicate key value violates unique constraint "l0_messages_pkey"
DETAIL:  Key (id)=(225827003) already exists.


The above exception was the direct cause of the following exception:

Traceback (most recent call last):
  File "/home/airflow/.local/lib/python3.12/site-packages/airflow/models/taskinstance.py", line 767, in _execute_task
    result = _execute_callable(context=context, **execute_callable_kwargs)
             ^^^^^^^^^^^^^^^^^^^^^^^^^^^^^^^^^^^^^^^^^^^^^^^^^^^^^^^^^^^^^
  File "/home/airflow/.local/lib/python3.12/site-packages/airflow/models/taskinstance.py", line 733, in _execute_callable
    return ExecutionCallableRunner(
           ^^^^^^^^^^^^^^^^^^^^^^^^
  File "/home/airflow/.local/lib/python3.12/site-packages/airflow/utils/operator_helpers.py", line 252, in run
    return self.func(*args, **kwargs)
           ^^^^^^^^^^^^^^^^^^^^^^^^^^
  File "/home/airflow/.local/lib/python3.12/site-packages/airflow/models/baseoperator.py", line 417, in wrapper
    return func(self, *args, **kwargs)
           ^^^^^^^^^^^^^^^^^^^^^^^^^^^
  File "/home/airflow/.local/lib/python3.12/site-packages/airflow/operators/python.py", line 238, in execute
    return_value = self.execute_callable()
                   ^^^^^^^^^^^^^^^^^^^^^^^
  File "/home/airflow/.local/lib/python3.12/site-packages/airflow/operators/python.py", line 256, in execute_callable
    return runner.run(*self.op_args, **self.op_kwargs)
           ^^^^^^^^^^^^^^^^^^^^^^^^^^^^^^^^^^^^^^^^^^^
  File "/home/airflow/.local/lib/python3.12/site-packages/airflow/utils/operator_helpers.py", line 252, in run
    return self.func(*args, **kwargs)
           ^^^^^^^^^^^^^^^^^^^^^^^^^^
  File "/opt/airflow/resources/util_read_insert_data.py", line 55, in load_excel_to_db
    cleaned_data.to_sql(table_name, engine, if_exists='append', index=False)
  File "/home/airflow/.local/lib/python3.12/site-packages/pandas/util/_decorators.py", line 333, in wrapper
    return func(*args, **kwargs)
           ^^^^^^^^^^^^^^^^^^^^^
  File "/home/airflow/.local/lib/python3.12/site-packages/pandas/core/generic.py", line 3008, in to_sql
    return sql.to_sql(
           ^^^^^^^^^^^
  File "/home/airflow/.local/lib/python3.12/site-packages/pandas/io/sql.py", line 788, in to_sql
    return pandas_sql.to_sql(
           ^^^^^^^^^^^^^^^^^^
  File "/home/airflow/.local/lib/python3.12/site-packages/pandas/io/sql.py", line 1958, in to_sql
    total_inserted = sql_engine.insert_records(
                     ^^^^^^^^^^^^^^^^^^^^^^^^^^
  File "/home/airflow/.local/lib/python3.12/site-packages/pandas/io/sql.py", line 1507, in insert_records
    raise err
  File "/home/airflow/.local/lib/python3.12/site-packages/pandas/io/sql.py", line 1498, in insert_records
    return table.insert(chunksize=chunksize, method=method)
           ^^^^^^^^^^^^^^^^^^^^^^^^^^^^^^^^^^^^^^^^^^^^^^^^
  File "/home/airflow/.local/lib/python3.12/site-packages/pandas/io/sql.py", line 1059, in insert
    num_inserted = exec_insert(conn, keys, chunk_iter)
                   ^^^^^^^^^^^^^^^^^^^^^^^^^^^^^^^^^^^
  File "/home/airflow/.local/lib/python3.12/site-packages/pandas/io/sql.py", line 951, in _execute_insert
    result = conn.execute(self.table.insert(), data)
             ^^^^^^^^^^^^^^^^^^^^^^^^^^^^^^^^^^^^^^^
  File "/home/airflow/.local/lib/python3.12/site-packages/sqlalchemy/engine/base.py", line 1385, in execute
    return meth(self, multiparams, params, _EMPTY_EXECUTION_OPTS)
           ^^^^^^^^^^^^^^^^^^^^^^^^^^^^^^^^^^^^^^^^^^^^^^^^^^^^^^
  File "/home/airflow/.local/lib/python3.12/site-packages/sqlalchemy/sql/elements.py", line 334, in _execute_on_connection
    return connection._execute_clauseelement(
           ^^^^^^^^^^^^^^^^^^^^^^^^^^^^^^^^^^
  File "/home/airflow/.local/lib/python3.12/site-packages/sqlalchemy/engine/base.py", line 1577, in _execute_clauseelement
    ret = self._execute_context(
          ^^^^^^^^^^^^^^^^^^^^^^
  File "/home/airflow/.local/lib/python3.12/site-packages/sqlalchemy/engine/base.py", line 1953, in _execute_context
    self._handle_dbapi_exception(
  File "/home/airflow/.local/lib/python3.12/site-packages/sqlalchemy/engine/base.py", line 2134, in _handle_dbapi_exception
    util.raise_(
  File "/home/airflow/.local/lib/python3.12/site-packages/sqlalchemy/util/compat.py", line 211, in raise_
    raise exception
  File "/home/airflow/.local/lib/python3.12/site-packages/sqlalchemy/engine/base.py", line 1890, in _execute_context
    self.dialect.do_executemany(
  File "/home/airflow/.local/lib/python3.12/site-packages/sqlalchemy/dialects/postgresql/psycopg2.py", line 982, in do_executemany
    context._psycopg2_fetched_rows = xtras.execute_values(
                                     ^^^^^^^^^^^^^^^^^^^^^
  File "/home/airflow/.local/lib/python3.12/site-packages/psycopg2/extras.py", line 1299, in execute_values
    cur.execute(b''.join(parts))
sqlalchemy.exc.IntegrityError: (psycopg2.errors.UniqueViolation) duplicate key value violates unique constraint "l0_messages_pkey"
DETAIL:  Key (id)=(225827003) already exists.

[SQL: INSERT INTO l0_messages (id, message_type, masked_addressees, masked_author, content, author_type, direction, external_id, external_timestamp, masked_from_addr, is_deleted, last_status, last_status_timestamp, rendered_content, source_type, uuid, inserted_at, updated_at) VALUES (%(id)s, %(message_type)s, %(masked_addressees)s, %(masked_author)s, %(content)s, %(author_type)s, %(direction)s, %(external_id)s, %(external_timestamp)s, %(masked_from_addr)s, %(is_deleted)s, %(last_status)s, %(last_status_timestamp)s, %(rendered_content)s, %(source_type)s, %(uuid)s, %(inserted_at)s, %(updated_at)s)]
[parameters: ({'id': 225827003, 'message_type': 'text', 'masked_addressees': 8316157823254039726, 'masked_author': 9814839641451596, 'content': 'à¤›à¤ à¥‡ à¤®à¤¾à¤¹ à¤•à¥‡ à¤¬à¤šà¥à¤šà¥‡ à¤•à¥‹ à¤•à¥à¤¯à¤¾ à¤¦à¤¾à¤² à¤•à¤¾ à¤ªà¤¾à¤¨à¥€ à¤ªà¥€à¤²à¤¾ à¤¸à¤•à¤¤à¥‡ à¤¹à¥ˆà¤‚', 'author_type': 'OWNER', 'direction': 'inbound', 'external_id': 'ABEGkYmCWHJiAhAYMP42_69FGA2CoT8e0Igw', 'external_timestamp': '2021-09-09 17:25:00.000', 'masked_from_addr': 360699995903664615, 'is_deleted': None, 'last_status': None, 'last_status_timestamp': None, 'rendered_content': None, 'source_type': 'CHANNEL_MESSAGE', 'uuid': '4e3e6cbd-957f-6fc6-0a31-352359ca0000', 'inserted_at': '2021-09-09 17:25:00.388', 'updated_at': '2021-09-09 17:25:00.388'}, {'id': 290238495, 'message_type': 'text', 'masked_addressees': 8316157823254039726, 'masked_author': 25781471030768533, 'content': 'Ha ek per normal hai', 'author_type': 'OWNER', 'direction': 'inbound', 'external_id': 'ABEGkYh4aZgWAhCc0KJxm2sPNBWXkl8UYqXC', 'external_timestamp': '2022-06-01 08:26:28.000', 'masked_from_addr': 1924410226241906500, 'is_deleted': None, 'last_status': None, 'last_status_timestamp': None, 'rendered_content': None, 'source_type': 'CHANNEL_MESSAGE', 'uuid': '26cfb3d1-7367-c012-7e5e-f3aedf79e2f1', 'inserted_at': '2022-06-01 08:26:28.188', 'updated_at': '2022-06-01 08:26:28.188'}, {'id': 433591120, 'message_type': 'text', 'masked_addressees': 5867031364740438706, 'masked_author': 31304295617233509, 'content': 'âš ï¸à¤¨à¤¿à¤®à¥à¤¨à¤²à¤¿à¤–à¤¿à¤¤ à¤²à¥‡à¤¬à¤° (à¤ªà¥à¤°à¤¸à¤µ à¤ªà¥€à¥œà¤¾) à¤•à¥‡ à¤²à¤•à¥à¤·à¤£ à¤¹à¥ˆà¤‚ âš ï¸ \n\nà¤œà¤¬ à¤†à¤ªà¤•à¥‡ à¤ªà¥à¤°à¤¸à¤µ à¤•à¥€ à¤¤à¤¾à¤°à¥€à¤–à¤¼ à¤ªà¤¾à¤¸ à¤†à¤¨à¥‡ à¤µà¤¾à¤²à¥€ à¤¹à¥‹, à¤¤à¥‹ à¤‡à¤¨ à¤¬à¤¾à¤¤à¥‹à¤‚ à¤•à¤¾ à¤§à¥à¤¯à¤¾à¤¨ à¤°à¤–à¥‡à¤‚ \n\nâš ï¸à¤ªà¥‡à¤Ÿ à¤¦à¤°à¥à¤¦ à¤¯à¤¾ à¤¸à¤‚à¤•à¥à¤šà¤¨ à¤®à¤¹à¤¸à¥‚à¤¸  ... (68 characters truncated) ... à¤® à¤¸à¥‡ à¤¸à¤‚à¤ªà¤°à¥à¤• à¤•à¤°à¥‡à¤‚ à¤¯à¤¾ 108 ðŸš‘ à¤ªà¤° à¤•à¥‰à¤² à¤•à¤°à¥‡à¤‚ à¤¯à¤¾ à¤…à¤ªà¤¨à¥‡ à¤¸à¥à¤µà¤¯à¤‚ à¤•à¥‡ à¤µà¤¾à¤¹à¤¨  à¤•à¥€ à¤µà¥à¤¯à¤µà¤¸à¥à¤¥à¤¾ à¤•à¤°à¥‡à¤‚, à¤¸à¤­à¥€ à¤¦à¤¸à¥à¤¤à¤¾à¤µà¥‡à¥›à¥‹à¤‚ à¤•à¥‡ à¤¸à¤¾à¤¥ à¤…à¤ªà¤¨à¤¾ à¤¤à¥ˆà¤¯à¤¾à¤° à¤•à¤¿à¤¯à¤¾ à¤¹à¥à¤† à¤¬à¥ˆà¤— à¤²à¥‡à¤‚ à¤”à¤° à¤…à¤¸à¥à¤ªà¤¤à¤¾à¤² à¤ªà¤¹à¥à¤à¤šà¥‡à¤‚ ðŸ’¼', 'author_type': 'STACK', 'direction': 'outbound', 'external_id': 'gBEGkZgSFlVRAglbUmpDqPhtRgo', 'external_timestamp': None, 'masked_from_addr': 4454300900215722365, 'is_deleted': None, 'last_status': 'read', 'last_status_timestamp': '2023-05-24 09:46:59', 'rendered_content': None, 'source_type': 'CHANNEL_MESSAGE', 'uuid': '9b888dc2-570d-5296-91b2-422fd74ea6db', 'inserted_at': '2023-05-24 09:46:58.876', 'updated_at': '2023-05-24 09:46:59.821'}, {'id': 286769759, 'message_type': 'voice', 'masked_addressees': 8316157823254039726, 'masked_author': 34062290787406994, 'content': None, 'author_type': 'OWNER', 'direction': 'inbound', 'external_id': 'ABEGkZORIpkWAghHCYh-gowJvw', 'external_timestamp': '2022-05-10 15:43:33.000', 'masked_from_addr': 2372380464914471916, 'is_deleted': None, 'last_status': None, 'last_status_timestamp': None, 'rendered_content': None, 'source_type': 'CHANNEL_MESSAGE', 'uuid': 'd69f4904-7f50-7738-aa15-ffdf2e19cef0', 'inserted_at': '2022-05-10 15:43:34.339', 'updated_at': '2022-05-10 15:43:34.339'}, {'id': 810101715, 'message_type': 'text', 'masked_addressees': 8316157823254039726, 'masked_author': 37128544240125839, 'content': 'Hk', 'author_type': 'OWNER', 'direction': 'inbound', 'external_id': 'wamid.HBgMOTE5NzAxOTc5MjYxFQIAEhggQ0Y0OEJGOUM1NjRBNEI0NTJDQzM1OTZDNDI5RDJCM0EA', 'external_timestamp': '2024-03-31 16:36:11.000', 'masked_from_addr': 7716078790004740279, 'is_deleted': None, 'last_status': None, 'last_status_timestamp': None, 'rendered_content': None, 'source_type': 'CHANNEL_MESSAGE', 'uuid': '56fdc7e3-d5c4-383a-4249-af5320759c0c', 'inserted_at': '2024-03-31 16:36:11.818', 'updated_at': '2024-03-31 16:36:11.818'}, {'id': 562500718, 'message_type': 'text', 'masked_addressees': 6840064760406764152, 'masked_author': 43763456781777221, 'content': 'hello', 'author_type': 'OPERATOR', 'direction': 'outbound', 'external_id': 'gBEGkZF2iIYZAgkLZpOOVx5JQX4', 'external_timestamp': None, 'masked_from_addr': 4454300900215722365, 'is_deleted': None, 'last_status': 'read', 'last_status_timestamp': '2023-09-27 12:49:23', 'rendered_content': None, 'source_type': 'CHANNEL_MESSAGE', 'uuid': '98f18815-6aa7-732c-a109-f3265378d33e', 'inserted_at': '2023-09-27 12:49:23.294', 'updated_at': '2023-09-27 12:49:23.913'}, {'id': 200616477, 'message_type': 'text', 'masked_addressees': 3301580771866412427, 'masked_author': 44102066842684651, 'content': 'Khri sarkari scheme aa ji', 'author_type': 'OWNER', 'direction': 'inbound', 'external_id': 'ABEGkZd5cgOJAhDNLGabLS98ypJTnsVAFkfK', 'external_timestamp': '2021-05-28 15:57:33.201', 'masked_from_addr': 99406278043849801, 'is_deleted': None, 'last_status': None, 'last_status_timestamp': None, 'rendered_content': None, 'source_type': 'CHANNEL_MESSAGE', 'uuid': 'fbb1d53e-84c0-9c5a-7f79-4fd2ec7f9a95', 'inserted_at': '2021-05-28 15:57:33.261', 'updated_at': '2021-05-28 15:57:33.261'}, {'id': 424170823, 'message_type': 'text', 'masked_addressees': 8316157823254039726, 'masked_author': 44286486964367919, 'content': 'C', 'author_type': 'OWNER', 'direction': 'inbound', 'external_id': 'ABEGkZeAEHeYAhAJEZ_Q1gQ_MmcptbBegrqA', 'external_timestamp': '2023-05-16 05:46:31.000', 'masked_from_addr': 3566013831381106946, 'is_deleted': None, 'last_status': None, 'last_status_timestamp': None, 'rendered_content': None, 'source_type': 'CHANNEL_MESSAGE', 'uuid': '3551ef53-3305-fd58-fd09-a7d566fdd76b', 'inserted_at': '2023-05-16 05:46:31.366', 'updated_at': '2023-05-16 05:46:31.366'}  ... displaying 10 of 14746 total bound parameter sets ...  {'id': 791221541, 'message_type': 'template', 'masked_addressees': 5406616437522208219, 'masked_author': 5196889043629548299, 'content': None, 'author_type': 'SYSTEM', 'direction': 'outbound', 'external_id': 'wamid.HBgMOTE3NDgzODUxNDYzFQIAERgSQTdEREE4RTYyMUFENzUyMTcxAA==', 'external_timestamp': None, 'masked_from_addr': 4454300900215722365, 'is_deleted': None, 'last_status': 'read', 'last_status_timestamp': '2024-03-17 12:21:18', 'rendered_content': 'à²¨à²¿à²®à³à²® à²•à³à²Ÿà³à²‚à²¬à²•à³à²•à³† à²‡à²‚à²¦à²¿à²¨ à²¸à²‚à²¦à³‡à²¶ ðŸ‘‰:\n\nà²²à²¸à²¿à²•à³†à²—à²³à²¨à³à²¨à³ à²¸à²°à²¿à²¯à²¾à²¦ à²µà²¯à²¸à³à²¸à²¿à²¨à²²à³à²²à²¿ à²¨à³€à²¡à²¿à²¦à²¾à²— à²®à²•à³à²•à²³à²¿à²—à³† à²‰à²¤à³à²¤à²® à²°à²•à³à²·à²£à³† à²¸à²¿à²—à³à²¤à³à²¤à²¦à³†.\nà²ªà³‹à²²à²¿à²¯à³Š, à²Ÿà²¿.à²¬à²¿, à²¦à²¡à²¾à²°, à²¡à²¿à²«à³à²¤à²¿à²°à²¿à²¯à²¾, à²ªà³†à²°à³à²Ÿà³à²¸à²¿ ... (292 characters truncated) ...  à²¡à²¿ ) à²†à²°à³‹à²—à³à²¯ à²•à²¾à²°à³à²¯à²•à²°à³à²¤à²°à²¿à²‚à²¦ à²ªà²¡à³†à²¯à²¿à²°à²¿. ðŸ¥\n\nà²¤à²¾à²¯à²¿ à²•à²¾à²°à³à²¡à³\u200cà²¨à²²à³à²²à²¿ à²®à³à²‚à²¦à²¿à²¨ à²²à²¸à²¿à²•à³† à²¦à²¿à²¨à²¾à²‚à²• à²¨à³‹à²¡à²¿.\nà²²à²¸à²¿à²•à³† à²¹à²¾à²•à²¿à²¸à²²à³ à²¹à³‹à²—à³à²µà²¾à²— à²¯à²¾à²µà²¾à²—à²²à³‚ à²¤à²¾à²¯à²¿à²•à²¾à²°à³à²¡à³ à²¤à³†à²—à³†à²¦à³à²•à³Šà²‚à²¡à³ à²¹à³‹à²—à²¿.', 'source_type': 'CHANNEL_MESSAGE', 'uuid': '258ea65d-a0b2-ca5b-04b2-04743f1b378f', 'inserted_at': '2024-03-17 07:34:02.884', 'updated_at': '2024-03-17 12:21:18.478'}, {'id': 797390708, 'message_type': 'template', 'masked_addressees': 3991667881140380492, 'masked_author': 5196889043629548299, 'content': None, 'author_type': 'SYSTEM', 'direction': 'outbound', 'external_id': 'wamid.HBgMOTE5OTgwMjg4MzE3FQIAERgSRkI1Q0ZFRTY1MDJFOUIyNTExAA==', 'external_timestamp': None, 'masked_from_addr': 4454300900215722365, 'is_deleted': None, 'last_status': 'read', 'last_status_timestamp': '2024-03-21 13:02:50', 'rendered_content': 'à²¨à²¿à²®à³à²® à²•à³à²Ÿà³à²‚à²¬à²•à³à²•à³† à²‡à²‚à²¦à²¿à²¨ à²¸à²‚à²¦à³‡à²¶ ðŸ‘‰:\n\nà²²à²¸à²¿à²•à³†à²—à²³à²¨à³à²¨à³ à²¸à²°à²¿à²¯à²¾à²¦ à²µà²¯à²¸à³à²¸à²¿à²¨à²²à³à²²à²¿ à²¨à³€à²¡à²¿à²¦à²¾à²— à²®à²•à³à²•à²³à²¿à²—à³† à²‰à²¤à³à²¤à²® à²°à²•à³à²·à²£à³† à²¸à²¿à²—à³à²¤à³à²¤à²¦à³†.\nà²ªà³‹à²²à²¿à²¯à³Š, à²Ÿà²¿.à²¬à²¿, à²¦à²¡à²¾à²°, à²¡à²¿à²«à³à²¤à²¿à²°à²¿à²¯à²¾, à²ªà³†à²°à³à²Ÿà³à²¸à²¿ ... (292 characters truncated) ...  à²¡à²¿ ) à²†à²°à³‹à²—à³à²¯ à²•à²¾à²°à³à²¯à²•à²°à³à²¤à²°à²¿à²‚à²¦ à²ªà²¡à³†à²¯à²¿à²°à²¿. ðŸ¥\n\nà²¤à²¾à²¯à²¿ à²•à²¾à²°à³à²¡à³\u200cà²¨à²²à³à²²à²¿ à²®à³à²‚à²¦à²¿à²¨ à²²à²¸à²¿à²•à³† à²¦à²¿à²¨à²¾à²‚à²• à²¨à³‹à²¡à²¿.\nà²²à²¸à²¿à²•à³† à²¹à²¾à²•à²¿à²¸à²²à³ à²¹à³‹à²—à³à²µà²¾à²— à²¯à²¾à²µà²¾à²—à²²à³‚ à²¤à²¾à²¯à²¿à²•à²¾à²°à³à²¡à³ à²¤à³†à²—à³†à²¦à³à²•à³Šà²‚à²¡à³ à²¹à³‹à²—à²¿.', 'source_type': 'CHANNEL_MESSAGE', 'uuid': 'c0e8108b-1317-8d1e-3e4a-4111ed56f769', 'inserted_at': '2024-03-21 12:44:02.478', 'updated_at': '2024-03-21 13:02:51.101'})]
(Background on this error at: https://sqlalche.me/e/14/gkpj)
[2024-12-09T05:17:14.724+0000] {taskinstance.py:1225} INFO - Marking task as FAILED. dag_id=data_pipeline_dag, task_id=task_ingest_messages_data, run_id=manual__2024-12-09T05:16:55.618725+00:00, execution_date=20241209T051655, start_date=20241209T051659, end_date=20241209T051714
[2024-12-09T05:17:14.744+0000] {taskinstance.py:340} INFO - ::group::Post task execution logs
[2024-12-09T05:17:14.745+0000] {standard_task_runner.py:124} ERROR - Failed to execute job 58 for task task_ingest_messages_data ((psycopg2.errors.UniqueViolation) duplicate key value violates unique constraint "l0_messages_pkey"
DETAIL:  Key (id)=(225827003) already exists.

[SQL: INSERT INTO l0_messages (id, message_type, masked_addressees, masked_author, content, author_type, direction, external_id, external_timestamp, masked_from_addr, is_deleted, last_status, last_status_timestamp, rendered_content, source_type, uuid, inserted_at, updated_at) VALUES (%(id)s, %(message_type)s, %(masked_addressees)s, %(masked_author)s, %(content)s, %(author_type)s, %(direction)s, %(external_id)s, %(external_timestamp)s, %(masked_from_addr)s, %(is_deleted)s, %(last_status)s, %(last_status_timestamp)s, %(rendered_content)s, %(source_type)s, %(uuid)s, %(inserted_at)s, %(updated_at)s)]
[parameters: ({'id': 225827003, 'message_type': 'text', 'masked_addressees': 8316157823254039726, 'masked_author': 9814839641451596, 'content': 'à¤›à¤ à¥‡ à¤®à¤¾à¤¹ à¤•à¥‡ à¤¬à¤šà¥à¤šà¥‡ à¤•à¥‹ à¤•à¥à¤¯à¤¾ à¤¦à¤¾à¤² à¤•à¤¾ à¤ªà¤¾à¤¨à¥€ à¤ªà¥€à¤²à¤¾ à¤¸à¤•à¤¤à¥‡ à¤¹à¥ˆà¤‚', 'author_type': 'OWNER', 'direction': 'inbound', 'external_id': 'ABEGkYmCWHJiAhAYMP42_69FGA2CoT8e0Igw', 'external_timestamp': '2021-09-09 17:25:00.000', 'masked_from_addr': 360699995903664615, 'is_deleted': None, 'last_status': None, 'last_status_timestamp': None, 'rendered_content': None, 'source_type': 'CHANNEL_MESSAGE', 'uuid': '4e3e6cbd-957f-6fc6-0a31-352359ca0000', 'inserted_at': '2021-09-09 17:25:00.388', 'updated_at': '2021-09-09 17:25:00.388'}, {'id': 290238495, 'message_type': 'text', 'masked_addressees': 8316157823254039726, 'masked_author': 25781471030768533, 'content': 'Ha ek per normal hai', 'author_type': 'OWNER', 'direction': 'inbound', 'external_id': 'ABEGkYh4aZgWAhCc0KJxm2sPNBWXkl8UYqXC', 'external_timestamp': '2022-06-01 08:26:28.000', 'masked_from_addr': 1924410226241906500, 'is_deleted': None, 'last_status': None, 'last_status_timestamp': None, 'rendered_content': None, 'source_type': 'CHANNEL_MESSAGE', 'uuid': '26cfb3d1-7367-c012-7e5e-f3aedf79e2f1', 'inserted_at': '2022-06-01 08:26:28.188', 'updated_at': '2022-06-01 08:26:28.188'}, {'id': 433591120, 'message_type': 'text', 'masked_addressees': 5867031364740438706, 'masked_author': 31304295617233509, 'content': 'âš ï¸à¤¨à¤¿à¤®à¥à¤¨à¤²à¤¿à¤–à¤¿à¤¤ à¤²à¥‡à¤¬à¤° (à¤ªà¥à¤°à¤¸à¤µ à¤ªà¥€à¥œà¤¾) à¤•à¥‡ à¤²à¤•à¥à¤·à¤£ à¤¹à¥ˆà¤‚ âš ï¸ \n\nà¤œà¤¬ à¤†à¤ªà¤•à¥‡ à¤ªà¥à¤°à¤¸à¤µ à¤•à¥€ à¤¤à¤¾à¤°à¥€à¤–à¤¼ à¤ªà¤¾à¤¸ à¤†à¤¨à¥‡ à¤µà¤¾à¤²à¥€ à¤¹à¥‹, à¤¤à¥‹ à¤‡à¤¨ à¤¬à¤¾à¤¤à¥‹à¤‚ à¤•à¤¾ à¤§à¥à¤¯à¤¾à¤¨ à¤°à¤–à¥‡à¤‚ \n\nâš ï¸à¤ªà¥‡à¤Ÿ à¤¦à¤°à¥à¤¦ à¤¯à¤¾ à¤¸à¤‚à¤•à¥à¤šà¤¨ à¤®à¤¹à¤¸à¥‚à¤¸  ... (68 characters truncated) ... à¤® à¤¸à¥‡ à¤¸à¤‚à¤ªà¤°à¥à¤• à¤•à¤°à¥‡à¤‚ à¤¯à¤¾ 108 ðŸš‘ à¤ªà¤° à¤•à¥‰à¤² à¤•à¤°à¥‡à¤‚ à¤¯à¤¾ à¤…à¤ªà¤¨à¥‡ à¤¸à¥à¤µà¤¯à¤‚ à¤•à¥‡ à¤µà¤¾à¤¹à¤¨  à¤•à¥€ à¤µà¥à¤¯à¤µà¤¸à¥à¤¥à¤¾ à¤•à¤°à¥‡à¤‚, à¤¸à¤­à¥€ à¤¦à¤¸à¥à¤¤à¤¾à¤µà¥‡à¥›à¥‹à¤‚ à¤•à¥‡ à¤¸à¤¾à¤¥ à¤…à¤ªà¤¨à¤¾ à¤¤à¥ˆà¤¯à¤¾à¤° à¤•à¤¿à¤¯à¤¾ à¤¹à¥à¤† à¤¬à¥ˆà¤— à¤²à¥‡à¤‚ à¤”à¤° à¤…à¤¸à¥à¤ªà¤¤à¤¾à¤² à¤ªà¤¹à¥à¤à¤šà¥‡à¤‚ ðŸ’¼', 'author_type': 'STACK', 'direction': 'outbound', 'external_id': 'gBEGkZgSFlVRAglbUmpDqPhtRgo', 'external_timestamp': None, 'masked_from_addr': 4454300900215722365, 'is_deleted': None, 'last_status': 'read', 'last_status_timestamp': '2023-05-24 09:46:59', 'rendered_content': None, 'source_type': 'CHANNEL_MESSAGE', 'uuid': '9b888dc2-570d-5296-91b2-422fd74ea6db', 'inserted_at': '2023-05-24 09:46:58.876', 'updated_at': '2023-05-24 09:46:59.821'}, {'id': 286769759, 'message_type': 'voice', 'masked_addressees': 8316157823254039726, 'masked_author': 34062290787406994, 'content': None, 'author_type': 'OWNER', 'direction': 'inbound', 'external_id': 'ABEGkZORIpkWAghHCYh-gowJvw', 'external_timestamp': '2022-05-10 15:43:33.000', 'masked_from_addr': 2372380464914471916, 'is_deleted': None, 'last_status': None, 'last_status_timestamp': None, 'rendered_content': None, 'source_type': 'CHANNEL_MESSAGE', 'uuid': 'd69f4904-7f50-7738-aa15-ffdf2e19cef0', 'inserted_at': '2022-05-10 15:43:34.339', 'updated_at': '2022-05-10 15:43:34.339'}, {'id': 810101715, 'message_type': 'text', 'masked_addressees': 8316157823254039726, 'masked_author': 37128544240125839, 'content': 'Hk', 'author_type': 'OWNER', 'direction': 'inbound', 'external_id': 'wamid.HBgMOTE5NzAxOTc5MjYxFQIAEhggQ0Y0OEJGOUM1NjRBNEI0NTJDQzM1OTZDNDI5RDJCM0EA', 'external_timestamp': '2024-03-31 16:36:11.000', 'masked_from_addr': 7716078790004740279, 'is_deleted': None, 'last_status': None, 'last_status_timestamp': None, 'rendered_content': None, 'source_type': 'CHANNEL_MESSAGE', 'uuid': '56fdc7e3-d5c4-383a-4249-af5320759c0c', 'inserted_at': '2024-03-31 16:36:11.818', 'updated_at': '2024-03-31 16:36:11.818'}, {'id': 562500718, 'message_type': 'text', 'masked_addressees': 6840064760406764152, 'masked_author': 43763456781777221, 'content': 'hello', 'author_type': 'OPERATOR', 'direction': 'outbound', 'external_id': 'gBEGkZF2iIYZAgkLZpOOVx5JQX4', 'external_timestamp': None, 'masked_from_addr': 4454300900215722365, 'is_deleted': None, 'last_status': 'read', 'last_status_timestamp': '2023-09-27 12:49:23', 'rendered_content': None, 'source_type': 'CHANNEL_MESSAGE', 'uuid': '98f18815-6aa7-732c-a109-f3265378d33e', 'inserted_at': '2023-09-27 12:49:23.294', 'updated_at': '2023-09-27 12:49:23.913'}, {'id': 200616477, 'message_type': 'text', 'masked_addressees': 3301580771866412427, 'masked_author': 44102066842684651, 'content': 'Khri sarkari scheme aa ji', 'author_type': 'OWNER', 'direction': 'inbound', 'external_id': 'ABEGkZd5cgOJAhDNLGabLS98ypJTnsVAFkfK', 'external_timestamp': '2021-05-28 15:57:33.201', 'masked_from_addr': 99406278043849801, 'is_deleted': None, 'last_status': None, 'last_status_timestamp': None, 'rendered_content': None, 'source_type': 'CHANNEL_MESSAGE', 'uuid': 'fbb1d53e-84c0-9c5a-7f79-4fd2ec7f9a95', 'inserted_at': '2021-05-28 15:57:33.261', 'updated_at': '2021-05-28 15:57:33.261'}, {'id': 424170823, 'message_type': 'text', 'masked_addressees': 8316157823254039726, 'masked_author': 44286486964367919, 'content': 'C', 'author_type': 'OWNER', 'direction': 'inbound', 'external_id': 'ABEGkZeAEHeYAhAJEZ_Q1gQ_MmcptbBegrqA', 'external_timestamp': '2023-05-16 05:46:31.000', 'masked_from_addr': 3566013831381106946, 'is_deleted': None, 'last_status': None, 'last_status_timestamp': None, 'rendered_content': None, 'source_type': 'CHANNEL_MESSAGE', 'uuid': '3551ef53-3305-fd58-fd09-a7d566fdd76b', 'inserted_at': '2023-05-16 05:46:31.366', 'updated_at': '2023-05-16 05:46:31.366'}  ... displaying 10 of 14746 total bound parameter sets ...  {'id': 791221541, 'message_type': 'template', 'masked_addressees': 5406616437522208219, 'masked_author': 5196889043629548299, 'content': None, 'author_type': 'SYSTEM', 'direction': 'outbound', 'external_id': 'wamid.HBgMOTE3NDgzODUxNDYzFQIAERgSQTdEREE4RTYyMUFENzUyMTcxAA==', 'external_timestamp': None, 'masked_from_addr': 4454300900215722365, 'is_deleted': None, 'last_status': 'read', 'last_status_timestamp': '2024-03-17 12:21:18', 'rendered_content': 'à²¨à²¿à²®à³à²® à²•à³à²Ÿà³à²‚à²¬à²•à³à²•à³† à²‡à²‚à²¦à²¿à²¨ à²¸à²‚à²¦à³‡à²¶ ðŸ‘‰:\n\nà²²à²¸à²¿à²•à³†à²—à²³à²¨à³à²¨à³ à²¸à²°à²¿à²¯à²¾à²¦ à²µà²¯à²¸à³à²¸à²¿à²¨à²²à³à²²à²¿ à²¨à³€à²¡à²¿à²¦à²¾à²— à²®à²•à³à²•à²³à²¿à²—à³† à²‰à²¤à³à²¤à²® à²°à²•à³à²·à²£à³† à²¸à²¿à²—à³à²¤à³à²¤à²¦à³†.\nà²ªà³‹à²²à²¿à²¯à³Š, à²Ÿà²¿.à²¬à²¿, à²¦à²¡à²¾à²°, à²¡à²¿à²«à³à²¤à²¿à²°à²¿à²¯à²¾, à²ªà³†à²°à³à²Ÿà³à²¸à²¿ ... (292 characters truncated) ...  à²¡à²¿ ) à²†à²°à³‹à²—à³à²¯ à²•à²¾à²°à³à²¯à²•à²°à³à²¤à²°à²¿à²‚à²¦ à²ªà²¡à³†à²¯à²¿à²°à²¿. ðŸ¥\n\nà²¤à²¾à²¯à²¿ à²•à²¾à²°à³à²¡à³\u200cà²¨à²²à³à²²à²¿ à²®à³à²‚à²¦à²¿à²¨ à²²à²¸à²¿à²•à³† à²¦à²¿à²¨à²¾à²‚à²• à²¨à³‹à²¡à²¿.\nà²²à²¸à²¿à²•à³† à²¹à²¾à²•à²¿à²¸à²²à³ à²¹à³‹à²—à³à²µà²¾à²— à²¯à²¾à²µà²¾à²—à²²à³‚ à²¤à²¾à²¯à²¿à²•à²¾à²°à³à²¡à³ à²¤à³†à²—à³†à²¦à³à²•à³Šà²‚à²¡à³ à²¹à³‹à²—à²¿.', 'source_type': 'CHANNEL_MESSAGE', 'uuid': '258ea65d-a0b2-ca5b-04b2-04743f1b378f', 'inserted_at': '2024-03-17 07:34:02.884', 'updated_at': '2024-03-17 12:21:18.478'}, {'id': 797390708, 'message_type': 'template', 'masked_addressees': 3991667881140380492, 'masked_author': 5196889043629548299, 'content': None, 'author_type': 'SYSTEM', 'direction': 'outbound', 'external_id': 'wamid.HBgMOTE5OTgwMjg4MzE3FQIAERgSRkI1Q0ZFRTY1MDJFOUIyNTExAA==', 'external_timestamp': None, 'masked_from_addr': 4454300900215722365, 'is_deleted': None, 'last_status': 'read', 'last_status_timestamp': '2024-03-21 13:02:50', 'rendered_content': 'à²¨à²¿à²®à³à²® à²•à³à²Ÿà³à²‚à²¬à²•à³à²•à³† à²‡à²‚à²¦à²¿à²¨ à²¸à²‚à²¦à³‡à²¶ ðŸ‘‰:\n\nà²²à²¸à²¿à²•à³†à²—à²³à²¨à³à²¨à³ à²¸à²°à²¿à²¯à²¾à²¦ à²µà²¯à²¸à³à²¸à²¿à²¨à²²à³à²²à²¿ à²¨à³€à²¡à²¿à²¦à²¾à²— à²®à²•à³à²•à²³à²¿à²—à³† à²‰à²¤à³à²¤à²® à²°à²•à³à²·à²£à³† à²¸à²¿à²—à³à²¤à³à²¤à²¦à³†.\nà²ªà³‹à²²à²¿à²¯à³Š, à²Ÿà²¿.à²¬à²¿, à²¦à²¡à²¾à²°, à²¡à²¿à²«à³à²¤à²¿à²°à²¿à²¯à²¾, à²ªà³†à²°à³à²Ÿà³à²¸à²¿ ... (292 characters truncated) ...  à²¡à²¿ ) à²†à²°à³‹à²—à³à²¯ à²•à²¾à²°à³à²¯à²•à²°à³à²¤à²°à²¿à²‚à²¦ à²ªà²¡à³†à²¯à²¿à²°à²¿. ðŸ¥\n\nà²¤à²¾à²¯à²¿ à²•à²¾à²°à³à²¡à³\u200cà²¨à²²à³à²²à²¿ à²®à³à²‚à²¦à²¿à²¨ à²²à²¸à²¿à²•à³† à²¦à²¿à²¨à²¾à²‚à²• à²¨à³‹à²¡à²¿.\nà²²à²¸à²¿à²•à³† à²¹à²¾à²•à²¿à²¸à²²à³ à²¹à³‹à²—à³à²µà²¾à²— à²¯à²¾à²µà²¾à²—à²²à³‚ à²¤à²¾à²¯à²¿à²•à²¾à²°à³à²¡à³ à²¤à³†à²—à³†à²¦à³à²•à³Šà²‚à²¡à³ à²¹à³‹à²—à²¿.', 'source_type': 'CHANNEL_MESSAGE', 'uuid': 'c0e8108b-1317-8d1e-3e4a-4111ed56f769', 'inserted_at': '2024-03-21 12:44:02.478', 'updated_at': '2024-03-21 13:02:51.101'})]
(Background on this error at: https://sqlalche.me/e/14/gkpj); 78)
Traceback (most recent call last):
  File "/home/airflow/.local/lib/python3.12/site-packages/sqlalchemy/engine/base.py", line 1890, in _execute_context
    self.dialect.do_executemany(
  File "/home/airflow/.local/lib/python3.12/site-packages/sqlalchemy/dialects/postgresql/psycopg2.py", line 982, in do_executemany
    context._psycopg2_fetched_rows = xtras.execute_values(
                                     ^^^^^^^^^^^^^^^^^^^^^
  File "/home/airflow/.local/lib/python3.12/site-packages/psycopg2/extras.py", line 1299, in execute_values
    cur.execute(b''.join(parts))
psycopg2.errors.UniqueViolation: duplicate key value violates unique constraint "l0_messages_pkey"
DETAIL:  Key (id)=(225827003) already exists.


The above exception was the direct cause of the following exception:

Traceback (most recent call last):
  File "/home/airflow/.local/lib/python3.12/site-packages/airflow/task/task_runner/standard_task_runner.py", line 117, in _start_by_fork
    ret = args.func(args, dag=self.dag)
          ^^^^^^^^^^^^^^^^^^^^^^^^^^^^^
  File "/home/airflow/.local/lib/python3.12/site-packages/airflow/cli/cli_config.py", line 49, in command
    return func(*args, **kwargs)
           ^^^^^^^^^^^^^^^^^^^^^
  File "/home/airflow/.local/lib/python3.12/site-packages/airflow/utils/cli.py", line 116, in wrapper
    return f(*args, **kwargs)
           ^^^^^^^^^^^^^^^^^^
  File "/home/airflow/.local/lib/python3.12/site-packages/airflow/cli/commands/task_command.py", line 483, in task_run
    task_return_code = _run_task_by_selected_method(args, _dag, ti)
                       ^^^^^^^^^^^^^^^^^^^^^^^^^^^^^^^^^^^^^^^^^^^^
  File "/home/airflow/.local/lib/python3.12/site-packages/airflow/cli/commands/task_command.py", line 256, in _run_task_by_selected_method
    return _run_raw_task(args, ti)
           ^^^^^^^^^^^^^^^^^^^^^^^
  File "/home/airflow/.local/lib/python3.12/site-packages/airflow/cli/commands/task_command.py", line 341, in _run_raw_task
    return ti._run_raw_task(
           ^^^^^^^^^^^^^^^^^
  File "/home/airflow/.local/lib/python3.12/site-packages/airflow/utils/session.py", line 97, in wrapper
    return func(*args, session=session, **kwargs)
           ^^^^^^^^^^^^^^^^^^^^^^^^^^^^^^^^^^^^^^
  File "/home/airflow/.local/lib/python3.12/site-packages/airflow/models/taskinstance.py", line 3005, in _run_raw_task
    return _run_raw_task(
           ^^^^^^^^^^^^^^
  File "/home/airflow/.local/lib/python3.12/site-packages/airflow/models/taskinstance.py", line 273, in _run_raw_task
    TaskInstance._execute_task_with_callbacks(
  File "/home/airflow/.local/lib/python3.12/site-packages/airflow/models/taskinstance.py", line 3159, in _execute_task_with_callbacks
    result = self._execute_task(context, task_orig)
             ^^^^^^^^^^^^^^^^^^^^^^^^^^^^^^^^^^^^^^
  File "/home/airflow/.local/lib/python3.12/site-packages/airflow/models/taskinstance.py", line 3183, in _execute_task
    return _execute_task(self, context, task_orig)
           ^^^^^^^^^^^^^^^^^^^^^^^^^^^^^^^^^^^^^^^
  File "/home/airflow/.local/lib/python3.12/site-packages/airflow/models/taskinstance.py", line 767, in _execute_task
    result = _execute_callable(context=context, **execute_callable_kwargs)
             ^^^^^^^^^^^^^^^^^^^^^^^^^^^^^^^^^^^^^^^^^^^^^^^^^^^^^^^^^^^^^
  File "/home/airflow/.local/lib/python3.12/site-packages/airflow/models/taskinstance.py", line 733, in _execute_callable
    return ExecutionCallableRunner(
           ^^^^^^^^^^^^^^^^^^^^^^^^
  File "/home/airflow/.local/lib/python3.12/site-packages/airflow/utils/operator_helpers.py", line 252, in run
    return self.func(*args, **kwargs)
           ^^^^^^^^^^^^^^^^^^^^^^^^^^
  File "/home/airflow/.local/lib/python3.12/site-packages/airflow/models/baseoperator.py", line 417, in wrapper
    return func(self, *args, **kwargs)
           ^^^^^^^^^^^^^^^^^^^^^^^^^^^
  File "/home/airflow/.local/lib/python3.12/site-packages/airflow/operators/python.py", line 238, in execute
    return_value = self.execute_callable()
                   ^^^^^^^^^^^^^^^^^^^^^^^
  File "/home/airflow/.local/lib/python3.12/site-packages/airflow/operators/python.py", line 256, in execute_callable
    return runner.run(*self.op_args, **self.op_kwargs)
           ^^^^^^^^^^^^^^^^^^^^^^^^^^^^^^^^^^^^^^^^^^^
  File "/home/airflow/.local/lib/python3.12/site-packages/airflow/utils/operator_helpers.py", line 252, in run
    return self.func(*args, **kwargs)
           ^^^^^^^^^^^^^^^^^^^^^^^^^^
  File "/opt/airflow/resources/util_read_insert_data.py", line 55, in load_excel_to_db
    cleaned_data.to_sql(table_name, engine, if_exists='append', index=False)
  File "/home/airflow/.local/lib/python3.12/site-packages/pandas/util/_decorators.py", line 333, in wrapper
    return func(*args, **kwargs)
           ^^^^^^^^^^^^^^^^^^^^^
  File "/home/airflow/.local/lib/python3.12/site-packages/pandas/core/generic.py", line 3008, in to_sql
    return sql.to_sql(
           ^^^^^^^^^^^
  File "/home/airflow/.local/lib/python3.12/site-packages/pandas/io/sql.py", line 788, in to_sql
    return pandas_sql.to_sql(
           ^^^^^^^^^^^^^^^^^^
  File "/home/airflow/.local/lib/python3.12/site-packages/pandas/io/sql.py", line 1958, in to_sql
    total_inserted = sql_engine.insert_records(
                     ^^^^^^^^^^^^^^^^^^^^^^^^^^
  File "/home/airflow/.local/lib/python3.12/site-packages/pandas/io/sql.py", line 1507, in insert_records
    raise err
  File "/home/airflow/.local/lib/python3.12/site-packages/pandas/io/sql.py", line 1498, in insert_records
    return table.insert(chunksize=chunksize, method=method)
           ^^^^^^^^^^^^^^^^^^^^^^^^^^^^^^^^^^^^^^^^^^^^^^^^
  File "/home/airflow/.local/lib/python3.12/site-packages/pandas/io/sql.py", line 1059, in insert
    num_inserted = exec_insert(conn, keys, chunk_iter)
                   ^^^^^^^^^^^^^^^^^^^^^^^^^^^^^^^^^^^
  File "/home/airflow/.local/lib/python3.12/site-packages/pandas/io/sql.py", line 951, in _execute_insert
    result = conn.execute(self.table.insert(), data)
             ^^^^^^^^^^^^^^^^^^^^^^^^^^^^^^^^^^^^^^^
  File "/home/airflow/.local/lib/python3.12/site-packages/sqlalchemy/engine/base.py", line 1385, in execute
    return meth(self, multiparams, params, _EMPTY_EXECUTION_OPTS)
           ^^^^^^^^^^^^^^^^^^^^^^^^^^^^^^^^^^^^^^^^^^^^^^^^^^^^^^
  File "/home/airflow/.local/lib/python3.12/site-packages/sqlalchemy/sql/elements.py", line 334, in _execute_on_connection
    return connection._execute_clauseelement(
           ^^^^^^^^^^^^^^^^^^^^^^^^^^^^^^^^^^
  File "/home/airflow/.local/lib/python3.12/site-packages/sqlalchemy/engine/base.py", line 1577, in _execute_clauseelement
    ret = self._execute_context(
          ^^^^^^^^^^^^^^^^^^^^^^
  File "/home/airflow/.local/lib/python3.12/site-packages/sqlalchemy/engine/base.py", line 1953, in _execute_context
    self._handle_dbapi_exception(
  File "/home/airflow/.local/lib/python3.12/site-packages/sqlalchemy/engine/base.py", line 2134, in _handle_dbapi_exception
    util.raise_(
  File "/home/airflow/.local/lib/python3.12/site-packages/sqlalchemy/util/compat.py", line 211, in raise_
    raise exception
  File "/home/airflow/.local/lib/python3.12/site-packages/sqlalchemy/engine/base.py", line 1890, in _execute_context
    self.dialect.do_executemany(
  File "/home/airflow/.local/lib/python3.12/site-packages/sqlalchemy/dialects/postgresql/psycopg2.py", line 982, in do_executemany
    context._psycopg2_fetched_rows = xtras.execute_values(
                                     ^^^^^^^^^^^^^^^^^^^^^
  File "/home/airflow/.local/lib/python3.12/site-packages/psycopg2/extras.py", line 1299, in execute_values
    cur.execute(b''.join(parts))
sqlalchemy.exc.IntegrityError: (psycopg2.errors.UniqueViolation) duplicate key value violates unique constraint "l0_messages_pkey"
DETAIL:  Key (id)=(225827003) already exists.

[SQL: INSERT INTO l0_messages (id, message_type, masked_addressees, masked_author, content, author_type, direction, external_id, external_timestamp, masked_from_addr, is_deleted, last_status, last_status_timestamp, rendered_content, source_type, uuid, inserted_at, updated_at) VALUES (%(id)s, %(message_type)s, %(masked_addressees)s, %(masked_author)s, %(content)s, %(author_type)s, %(direction)s, %(external_id)s, %(external_timestamp)s, %(masked_from_addr)s, %(is_deleted)s, %(last_status)s, %(last_status_timestamp)s, %(rendered_content)s, %(source_type)s, %(uuid)s, %(inserted_at)s, %(updated_at)s)]
[parameters: ({'id': 225827003, 'message_type': 'text', 'masked_addressees': 8316157823254039726, 'masked_author': 9814839641451596, 'content': 'à¤›à¤ à¥‡ à¤®à¤¾à¤¹ à¤•à¥‡ à¤¬à¤šà¥à¤šà¥‡ à¤•à¥‹ à¤•à¥à¤¯à¤¾ à¤¦à¤¾à¤² à¤•à¤¾ à¤ªà¤¾à¤¨à¥€ à¤ªà¥€à¤²à¤¾ à¤¸à¤•à¤¤à¥‡ à¤¹à¥ˆà¤‚', 'author_type': 'OWNER', 'direction': 'inbound', 'external_id': 'ABEGkYmCWHJiAhAYMP42_69FGA2CoT8e0Igw', 'external_timestamp': '2021-09-09 17:25:00.000', 'masked_from_addr': 360699995903664615, 'is_deleted': None, 'last_status': None, 'last_status_timestamp': None, 'rendered_content': None, 'source_type': 'CHANNEL_MESSAGE', 'uuid': '4e3e6cbd-957f-6fc6-0a31-352359ca0000', 'inserted_at': '2021-09-09 17:25:00.388', 'updated_at': '2021-09-09 17:25:00.388'}, {'id': 290238495, 'message_type': 'text', 'masked_addressees': 8316157823254039726, 'masked_author': 25781471030768533, 'content': 'Ha ek per normal hai', 'author_type': 'OWNER', 'direction': 'inbound', 'external_id': 'ABEGkYh4aZgWAhCc0KJxm2sPNBWXkl8UYqXC', 'external_timestamp': '2022-06-01 08:26:28.000', 'masked_from_addr': 1924410226241906500, 'is_deleted': None, 'last_status': None, 'last_status_timestamp': None, 'rendered_content': None, 'source_type': 'CHANNEL_MESSAGE', 'uuid': '26cfb3d1-7367-c012-7e5e-f3aedf79e2f1', 'inserted_at': '2022-06-01 08:26:28.188', 'updated_at': '2022-06-01 08:26:28.188'}, {'id': 433591120, 'message_type': 'text', 'masked_addressees': 5867031364740438706, 'masked_author': 31304295617233509, 'content': 'âš ï¸à¤¨à¤¿à¤®à¥à¤¨à¤²à¤¿à¤–à¤¿à¤¤ à¤²à¥‡à¤¬à¤° (à¤ªà¥à¤°à¤¸à¤µ à¤ªà¥€à¥œà¤¾) à¤•à¥‡ à¤²à¤•à¥à¤·à¤£ à¤¹à¥ˆà¤‚ âš ï¸ \n\nà¤œà¤¬ à¤†à¤ªà¤•à¥‡ à¤ªà¥à¤°à¤¸à¤µ à¤•à¥€ à¤¤à¤¾à¤°à¥€à¤–à¤¼ à¤ªà¤¾à¤¸ à¤†à¤¨à¥‡ à¤µà¤¾à¤²à¥€ à¤¹à¥‹, à¤¤à¥‹ à¤‡à¤¨ à¤¬à¤¾à¤¤à¥‹à¤‚ à¤•à¤¾ à¤§à¥à¤¯à¤¾à¤¨ à¤°à¤–à¥‡à¤‚ \n\nâš ï¸à¤ªà¥‡à¤Ÿ à¤¦à¤°à¥à¤¦ à¤¯à¤¾ à¤¸à¤‚à¤•à¥à¤šà¤¨ à¤®à¤¹à¤¸à¥‚à¤¸  ... (68 characters truncated) ... à¤® à¤¸à¥‡ à¤¸à¤‚à¤ªà¤°à¥à¤• à¤•à¤°à¥‡à¤‚ à¤¯à¤¾ 108 ðŸš‘ à¤ªà¤° à¤•à¥‰à¤² à¤•à¤°à¥‡à¤‚ à¤¯à¤¾ à¤…à¤ªà¤¨à¥‡ à¤¸à¥à¤µà¤¯à¤‚ à¤•à¥‡ à¤µà¤¾à¤¹à¤¨  à¤•à¥€ à¤µà¥à¤¯à¤µà¤¸à¥à¤¥à¤¾ à¤•à¤°à¥‡à¤‚, à¤¸à¤­à¥€ à¤¦à¤¸à¥à¤¤à¤¾à¤µà¥‡à¥›à¥‹à¤‚ à¤•à¥‡ à¤¸à¤¾à¤¥ à¤…à¤ªà¤¨à¤¾ à¤¤à¥ˆà¤¯à¤¾à¤° à¤•à¤¿à¤¯à¤¾ à¤¹à¥à¤† à¤¬à¥ˆà¤— à¤²à¥‡à¤‚ à¤”à¤° à¤…à¤¸à¥à¤ªà¤¤à¤¾à¤² à¤ªà¤¹à¥à¤à¤šà¥‡à¤‚ ðŸ’¼', 'author_type': 'STACK', 'direction': 'outbound', 'external_id': 'gBEGkZgSFlVRAglbUmpDqPhtRgo', 'external_timestamp': None, 'masked_from_addr': 4454300900215722365, 'is_deleted': None, 'last_status': 'read', 'last_status_timestamp': '2023-05-24 09:46:59', 'rendered_content': None, 'source_type': 'CHANNEL_MESSAGE', 'uuid': '9b888dc2-570d-5296-91b2-422fd74ea6db', 'inserted_at': '2023-05-24 09:46:58.876', 'updated_at': '2023-05-24 09:46:59.821'}, {'id': 286769759, 'message_type': 'voice', 'masked_addressees': 8316157823254039726, 'masked_author': 34062290787406994, 'content': None, 'author_type': 'OWNER', 'direction': 'inbound', 'external_id': 'ABEGkZORIpkWAghHCYh-gowJvw', 'external_timestamp': '2022-05-10 15:43:33.000', 'masked_from_addr': 2372380464914471916, 'is_deleted': None, 'last_status': None, 'last_status_timestamp': None, 'rendered_content': None, 'source_type': 'CHANNEL_MESSAGE', 'uuid': 'd69f4904-7f50-7738-aa15-ffdf2e19cef0', 'inserted_at': '2022-05-10 15:43:34.339', 'updated_at': '2022-05-10 15:43:34.339'}, {'id': 810101715, 'message_type': 'text', 'masked_addressees': 8316157823254039726, 'masked_author': 37128544240125839, 'content': 'Hk', 'author_type': 'OWNER', 'direction': 'inbound', 'external_id': 'wamid.HBgMOTE5NzAxOTc5MjYxFQIAEhggQ0Y0OEJGOUM1NjRBNEI0NTJDQzM1OTZDNDI5RDJCM0EA', 'external_timestamp': '2024-03-31 16:36:11.000', 'masked_from_addr': 7716078790004740279, 'is_deleted': None, 'last_status': None, 'last_status_timestamp': None, 'rendered_content': None, 'source_type': 'CHANNEL_MESSAGE', 'uuid': '56fdc7e3-d5c4-383a-4249-af5320759c0c', 'inserted_at': '2024-03-31 16:36:11.818', 'updated_at': '2024-03-31 16:36:11.818'}, {'id': 562500718, 'message_type': 'text', 'masked_addressees': 6840064760406764152, 'masked_author': 43763456781777221, 'content': 'hello', 'author_type': 'OPERATOR', 'direction': 'outbound', 'external_id': 'gBEGkZF2iIYZAgkLZpOOVx5JQX4', 'external_timestamp': None, 'masked_from_addr': 4454300900215722365, 'is_deleted': None, 'last_status': 'read', 'last_status_timestamp': '2023-09-27 12:49:23', 'rendered_content': None, 'source_type': 'CHANNEL_MESSAGE', 'uuid': '98f18815-6aa7-732c-a109-f3265378d33e', 'inserted_at': '2023-09-27 12:49:23.294', 'updated_at': '2023-09-27 12:49:23.913'}, {'id': 200616477, 'message_type': 'text', 'masked_addressees': 3301580771866412427, 'masked_author': 44102066842684651, 'content': 'Khri sarkari scheme aa ji', 'author_type': 'OWNER', 'direction': 'inbound', 'external_id': 'ABEGkZd5cgOJAhDNLGabLS98ypJTnsVAFkfK', 'external_timestamp': '2021-05-28 15:57:33.201', 'masked_from_addr': 99406278043849801, 'is_deleted': None, 'last_status': None, 'last_status_timestamp': None, 'rendered_content': None, 'source_type': 'CHANNEL_MESSAGE', 'uuid': 'fbb1d53e-84c0-9c5a-7f79-4fd2ec7f9a95', 'inserted_at': '2021-05-28 15:57:33.261', 'updated_at': '2021-05-28 15:57:33.261'}, {'id': 424170823, 'message_type': 'text', 'masked_addressees': 8316157823254039726, 'masked_author': 44286486964367919, 'content': 'C', 'author_type': 'OWNER', 'direction': 'inbound', 'external_id': 'ABEGkZeAEHeYAhAJEZ_Q1gQ_MmcptbBegrqA', 'external_timestamp': '2023-05-16 05:46:31.000', 'masked_from_addr': 3566013831381106946, 'is_deleted': None, 'last_status': None, 'last_status_timestamp': None, 'rendered_content': None, 'source_type': 'CHANNEL_MESSAGE', 'uuid': '3551ef53-3305-fd58-fd09-a7d566fdd76b', 'inserted_at': '2023-05-16 05:46:31.366', 'updated_at': '2023-05-16 05:46:31.366'}  ... displaying 10 of 14746 total bound parameter sets ...  {'id': 791221541, 'message_type': 'template', 'masked_addressees': 5406616437522208219, 'masked_author': 5196889043629548299, 'content': None, 'author_type': 'SYSTEM', 'direction': 'outbound', 'external_id': 'wamid.HBgMOTE3NDgzODUxNDYzFQIAERgSQTdEREE4RTYyMUFENzUyMTcxAA==', 'external_timestamp': None, 'masked_from_addr': 4454300900215722365, 'is_deleted': None, 'last_status': 'read', 'last_status_timestamp': '2024-03-17 12:21:18', 'rendered_content': 'à²¨à²¿à²®à³à²® à²•à³à²Ÿà³à²‚à²¬à²•à³à²•à³† à²‡à²‚à²¦à²¿à²¨ à²¸à²‚à²¦à³‡à²¶ ðŸ‘‰:\n\nà²²à²¸à²¿à²•à³†à²—à²³à²¨à³à²¨à³ à²¸à²°à²¿à²¯à²¾à²¦ à²µà²¯à²¸à³à²¸à²¿à²¨à²²à³à²²à²¿ à²¨à³€à²¡à²¿à²¦à²¾à²— à²®à²•à³à²•à²³à²¿à²—à³† à²‰à²¤à³à²¤à²® à²°à²•à³à²·à²£à³† à²¸à²¿à²—à³à²¤à³à²¤à²¦à³†.\nà²ªà³‹à²²à²¿à²¯à³Š, à²Ÿà²¿.à²¬à²¿, à²¦à²¡à²¾à²°, à²¡à²¿à²«à³à²¤à²¿à²°à²¿à²¯à²¾, à²ªà³†à²°à³à²Ÿà³à²¸à²¿ ... (292 characters truncated) ...  à²¡à²¿ ) à²†à²°à³‹à²—à³à²¯ à²•à²¾à²°à³à²¯à²•à²°à³à²¤à²°à²¿à²‚à²¦ à²ªà²¡à³†à²¯à²¿à²°à²¿. ðŸ¥\n\nà²¤à²¾à²¯à²¿ à²•à²¾à²°à³à²¡à³\u200cà²¨à²²à³à²²à²¿ à²®à³à²‚à²¦à²¿à²¨ à²²à²¸à²¿à²•à³† à²¦à²¿à²¨à²¾à²‚à²• à²¨à³‹à²¡à²¿.\nà²²à²¸à²¿à²•à³† à²¹à²¾à²•à²¿à²¸à²²à³ à²¹à³‹à²—à³à²µà²¾à²— à²¯à²¾à²µà²¾à²—à²²à³‚ à²¤à²¾à²¯à²¿à²•à²¾à²°à³à²¡à³ à²¤à³†à²—à³†à²¦à³à²•à³Šà²‚à²¡à³ à²¹à³‹à²—à²¿.', 'source_type': 'CHANNEL_MESSAGE', 'uuid': '258ea65d-a0b2-ca5b-04b2-04743f1b378f', 'inserted_at': '2024-03-17 07:34:02.884', 'updated_at': '2024-03-17 12:21:18.478'}, {'id': 797390708, 'message_type': 'template', 'masked_addressees': 3991667881140380492, 'masked_author': 5196889043629548299, 'content': None, 'author_type': 'SYSTEM', 'direction': 'outbound', 'external_id': 'wamid.HBgMOTE5OTgwMjg4MzE3FQIAERgSRkI1Q0ZFRTY1MDJFOUIyNTExAA==', 'external_timestamp': None, 'masked_from_addr': 4454300900215722365, 'is_deleted': None, 'last_status': 'read', 'last_status_timestamp': '2024-03-21 13:02:50', 'rendered_content': 'à²¨à²¿à²®à³à²® à²•à³à²Ÿà³à²‚à²¬à²•à³à²•à³† à²‡à²‚à²¦à²¿à²¨ à²¸à²‚à²¦à³‡à²¶ ðŸ‘‰:\n\nà²²à²¸à²¿à²•à³†à²—à²³à²¨à³à²¨à³ à²¸à²°à²¿à²¯à²¾à²¦ à²µà²¯à²¸à³à²¸à²¿à²¨à²²à³à²²à²¿ à²¨à³€à²¡à²¿à²¦à²¾à²— à²®à²•à³à²•à²³à²¿à²—à³† à²‰à²¤à³à²¤à²® à²°à²•à³à²·à²£à³† à²¸à²¿à²—à³à²¤à³à²¤à²¦à³†.\nà²ªà³‹à²²à²¿à²¯à³Š, à²Ÿà²¿.à²¬à²¿, à²¦à²¡à²¾à²°, à²¡à²¿à²«à³à²¤à²¿à²°à²¿à²¯à²¾, à²ªà³†à²°à³à²Ÿà³à²¸à²¿ ... (292 characters truncated) ...  à²¡à²¿ ) à²†à²°à³‹à²—à³à²¯ à²•à²¾à²°à³à²¯à²•à²°à³à²¤à²°à²¿à²‚à²¦ à²ªà²¡à³†à²¯à²¿à²°à²¿. ðŸ¥\n\nà²¤à²¾à²¯à²¿ à²•à²¾à²°à³à²¡à³\u200cà²¨à²²à³à²²à²¿ à²®à³à²‚à²¦à²¿à²¨ à²²à²¸à²¿à²•à³† à²¦à²¿à²¨à²¾à²‚à²• à²¨à³‹à²¡à²¿.\nà²²à²¸à²¿à²•à³† à²¹à²¾à²•à²¿à²¸à²²à³ à²¹à³‹à²—à³à²µà²¾à²— à²¯à²¾à²µà²¾à²—à²²à³‚ à²¤à²¾à²¯à²¿à²•à²¾à²°à³à²¡à³ à²¤à³†à²—à³†à²¦à³à²•à³Šà²‚à²¡à³ à²¹à³‹à²—à²¿.', 'source_type': 'CHANNEL_MESSAGE', 'uuid': 'c0e8108b-1317-8d1e-3e4a-4111ed56f769', 'inserted_at': '2024-03-21 12:44:02.478', 'updated_at': '2024-03-21 13:02:51.101'})]
(Background on this error at: https://sqlalche.me/e/14/gkpj)
[2024-12-09T05:17:14.793+0000] {local_task_job_runner.py:266} INFO - Task exited with return code 1
[2024-12-09T05:17:14.814+0000] {taskinstance.py:3895} INFO - 0 downstream tasks scheduled from follow-on schedule check
[2024-12-09T05:17:14.818+0000] {local_task_job_runner.py:245} INFO - ::endgroup::
